<?xml version="1.0" encoding="UTF-8"?>
<!-- Generated by org.testng.reporters.JUnitReportReporter -->
<testsuite skipped="0" hostname="DESKTOP-LT5NG4U" name="testNG.Priority" tests="8" failures="0" timestamp="2022-08-19T17:24:18 IST" time="0.046" errors="0">
  <testcase name="d" time="0.015" classname="testNG.Priority"/>
  <system-out/>
  <testcase name="f" time="0.000" classname="testNG.Priority"/>
  <system-out/>
  <testcase name="h" time="0.015" classname="testNG.Priority"/>
  <system-out/>
  <testcase name="j" time="0.000" classname="testNG.Priority"/>
  <system-out/>
  <testcase name="y" time="0.000" classname="testNG.Priority"/>
  <system-out/>
  <testcase name="k" time="0.016" classname="testNG.Priority"/>
  <system-out/>
  <testcase name="o" time="0.000" classname="testNG.Priority"/>
  <system-out/>
  <testcase name="a" time="0.000" classname="testNG.Priority"/>
  <system-out/>
</testsuite> <!-- testNG.Priority -->
