<?xml version="1.0" encoding="UTF-8"?>
<!-- Generated by org.testng.reporters.JUnitReportReporter -->
<testsuite skipped="0" hostname="DESKTOP-LT5NG4U" name="testNG.Sumo" tests="1" failures="0" timestamp="2022-08-20T12:16:32 IST" time="0.016" errors="0">
  <testcase name="SumoMethod" time="0.016" classname="testNG.Sumo"/>
  <system-out>
    <![CDATA[SumoMethod]]>
  </system-out>
</testsuite> <!-- testNG.Sumo -->
