<?xml version="1.0" encoding="UTF-8"?>
<!-- Generated by org.testng.reporters.JUnitReportReporter -->
<testsuite skipped="0" hostname="DESKTOP-LT5NG4U" name="testNG.Flag6groups" tests="6" failures="0" timestamp="2022-08-22T22:26:20 IST" time="0.016" errors="0">
  <testcase name="ft6" time="0.000" classname="testNG.Flag6groups"/>
  <system-out>
    <![CDATA[Functional test case 6]]>
  </system-out>
  <testcase name="ft5" time="0.000" classname="testNG.Flag6groups"/>
  <system-out>
    <![CDATA[Functional test case 5]]>
  </system-out>
  <testcase name="ft3" time="0.016" classname="testNG.Flag6groups"/>
  <system-out>
    <![CDATA[Functional test case 3]]>
  </system-out>
  <testcase name="ft2" time="0.000" classname="testNG.Flag6groups"/>
  <system-out>
    <![CDATA[Functional test case 2]]>
  </system-out>
  <testcase name="ft4" time="0.000" classname="testNG.Flag6groups"/>
  <system-out>
    <![CDATA[Functional test case 4]]>
  </system-out>
  <testcase name="ft1" time="0.000" classname="testNG.Flag6groups"/>
  <system-out>
    <![CDATA[Functional test case 1]]>
  </system-out>
</testsuite> <!-- testNG.Flag6groups -->
