<?xml version="1.0" encoding="UTF-8"?>
<!-- Generated by org.testng.reporters.JUnitReportReporter -->
<testsuite skipped="0" hostname="DESKTOP-LT5NG4U" name="testNG.ActiTimeTest" tests="3" failures="0" timestamp="2022-08-22T22:37:36 IST" time="0.000" errors="0">
  <testcase name="loginActiTime" time="0.000" classname="testNG.ActiTimeTest"/>
  <system-out>
    <![CDATA[Login ActiTime]]>
  </system-out>
  <testcase name="createUserActiTime" time="0.000" classname="testNG.ActiTimeTest"/>
  <system-out>
    <![CDATA[Create User ActiTime]]>
  </system-out>
  <testcase name="logoutActiTime" time="0.000" classname="testNG.ActiTimeTest"/>
  <system-out>
    <![CDATA[Logout ActiTime]]>
  </system-out>
</testsuite> <!-- testNG.ActiTimeTest -->
