<?xml version="1.0" encoding="UTF-8"?>
<!-- Generated by org.testng.reporters.JUnitReportReporter -->
<testsuite skipped="0" hostname="DESKTOP-LT5NG4U" name="testAnnotations.AnnotationsInTestNG" tests="2" failures="0" timestamp="2022-08-26T12:39:14 IST" time="0.011" errors="0">
  <testcase name="f1" time="0.003" classname="testAnnotations.AnnotationsInTestNG"/>
  <system-out>
    <![CDATA[test case 2 execution ]]>
  </system-out>
  <testcase name="f" time="0.008" classname="testAnnotations.AnnotationsInTestNG"/>
  <system-out>
    <![CDATA[test case 1 execution ]]>
  </system-out>
</testsuite> <!-- testAnnotations.AnnotationsInTestNG -->
