<?xml version="1.0" encoding="UTF-8"?>
<!-- Generated by org.testng.reporters.JUnitReportReporter -->
<testsuite skipped="0" hostname="DESKTOP-LT5NG4U" name="testNG.Demo" tests="1" failures="0" timestamp="2022-08-19T14:23:45 IST" time="0.019" errors="0">
  <testcase name="A" time="0.019" classname="testNG.Demo"/>
  <system-out/>
</testsuite> <!-- testNG.Demo -->
