<?xml version="1.0" encoding="UTF-8"?>
<!-- Generated by org.testng.reporters.JUnitReportReporter -->
<testsuite skipped="0" hostname="DESKTOP-LT5NG4U" name="testNG.ActiTimeLoginAssert" tests="1" failures="0" timestamp="2022-08-25T15:45:19 IST" time="10.608" errors="0">
  <testcase name="actiTime" time="10.608" classname="testNG.ActiTimeLoginAssert"/>
  <system-out>
    <![CDATA[login page titel is verified
username text box is displayed
password text box is displayed
login Button is displayed]]>
  </system-out>
</testsuite> <!-- testNG.ActiTimeLoginAssert -->
