<?xml version="1.0" encoding="UTF-8"?>
<!-- Generated by org.testng.reporters.JUnitReportReporter -->
<testsuite skipped="1" hostname="DESKTOP-LT5NG4U" name="testNG.Enabled" tests="2" failures="0" timestamp="2022-08-19T17:15:19 IST" time="0.007" errors="0">
  <testcase name="method2" time="0.007" classname="testNG.Enabled"/>
  <system-out>
    <![CDATA[method1]]>
  </system-out>
  <testcase name="method1" classname="testNG.Enabled">
    <skipped/>
  </testcase> <!-- method1 -->
  <system-out/>
</testsuite> <!-- testNG.Enabled -->
