<?xml version="1.0" encoding="UTF-8"?>
<!-- Generated by org.testng.reporters.JUnitReportReporter -->
<testsuite skipped="0" hostname="DESKTOP-LT5NG4U" name="testNG.Remo" tests="1" failures="0" timestamp="2022-08-20T12:16:32 IST" time="0.000" errors="0">
  <testcase name="RemoMethod" time="0.000" classname="testNG.Remo"/>
  <system-out>
    <![CDATA[Remo Method]]>
  </system-out>
</testsuite> <!-- testNG.Remo -->
