<?xml version="1.0" encoding="UTF-8"?>
<!-- Generated by org.testng.reporters.JUnitReportReporter -->
<testsuite skipped="0" hostname="DESKTOP-LT5NG4U" name="testNG.description" tests="1" failures="0" timestamp="2022-08-19T17:09:27 IST" time="0.016" errors="0">
  <testcase name="validActiTimeLogin" time="0.016" classname="testNG.description"/>
  <system-out>
    <![CDATA[loginActiTime]]>
  </system-out>
</testsuite> <!-- testNG.description -->
