<?xml version="1.0" encoding="UTF-8"?>
<!-- Generated by org.testng.reporters.JUnitReportReporter -->
<testsuite skipped="0" hostname="DESKTOP-LT5NG4U" name="testNG.ReadDataFromxmlFile" tests="1" failures="0" timestamp="2022-08-22T15:15:44 IST" time="4.204" errors="0">
  <testcase name="actitimeValidLogin" time="4.204" classname="testNG.ReadDataFromxmlFile"/>
  <system-out/>
</testsuite> <!-- testNG.ReadDataFromxmlFile -->
