<?xml version="1.0" encoding="UTF-8"?>
<!-- Generated by org.testng.reporters.JUnitReportReporter -->
<testsuite skipped="0" hostname="DESKTOP-LT5NG4U" name="testNG.Flag6" tests="6" failures="0" timestamp="2022-08-21T17:58:08 IST" time="0.029" errors="0">
  <testcase name="ft6" time="0.003" classname="testNG.Flag6"/>
  <system-out>
    <![CDATA[Functional test case 6]]>
  </system-out>
  <testcase name="ft5" time="0.002" classname="testNG.Flag6"/>
  <system-out>
    <![CDATA[Functional test case 5]]>
  </system-out>
  <testcase name="ft3" time="0.004" classname="testNG.Flag6"/>
  <system-out>
    <![CDATA[Functional test case 3]]>
  </system-out>
  <testcase name="ft2" time="0.003" classname="testNG.Flag6"/>
  <system-out>
    <![CDATA[Functional test case 2]]>
  </system-out>
  <testcase name="ft4" time="0.002" classname="testNG.Flag6"/>
  <system-out>
    <![CDATA[Functional test case 4]]>
  </system-out>
  <testcase name="ft1" time="0.015" classname="testNG.Flag6"/>
  <system-out>
    <![CDATA[Functional test case 1]]>
  </system-out>
</testsuite> <!-- testNG.Flag6 -->
