<?xml version="1.0" encoding="UTF-8"?>
<!-- Generated by org.testng.reporters.JUnitReportReporter -->
<testsuite skipped="1" hostname="DESKTOP-LT5NG4U" name="testNG.Flag2Enabled" tests="3" failures="0" timestamp="2022-08-22T21:53:14 IST" time="0.007" errors="0">
  <testcase name="method3" time="0.007" classname="testNG.Flag2Enabled"/>
  <system-out>
    <![CDATA[actitime Create Reports]]>
  </system-out>
  <testcase name="method2" time="0.000" classname="testNG.Flag2Enabled"/>
  <system-out>
    <![CDATA[actitime Create user]]>
  </system-out>
  <testcase name="method1" classname="testNG.Flag2Enabled">
    <skipped/>
  </testcase> <!-- method1 -->
  <system-out/>
</testsuite> <!-- testNG.Flag2Enabled -->
