<?xml version="1.0" encoding="UTF-8"?>
<!-- Generated by org.testng.reporters.JUnitReportReporter -->
<testsuite skipped="0" hostname="DESKTOP-LT5NG4U" name="testNG.Flag1Description" tests="2" failures="0" timestamp="2022-08-22T21:35:22 IST" time="0.016" errors="0">
  <testcase name="invalidActiTimeTest" time="0.016" classname="testNG.Flag1Description"/>
  <system-out>
    <![CDATA[invalid login is performed]]>
  </system-out>
  <testcase name="validActiTimeTest" time="0.000" classname="testNG.Flag1Description"/>
  <system-out>
    <![CDATA[valid login is performed]]>
  </system-out>
</testsuite> <!-- testNG.Flag1Description -->
